<?xml version="1.0" encoding="UTF-8"?>
<!-- Generated by org.testng.reporters.JUnitXMLReporter -->
<testsuite ignored="0" hostname="DESKTOP-4IJ8KBV" failures="0" tests="3" name="Default test" time="14.068" errors="0" timestamp="2025-12-17T17:26:01 CST">
  <testcase classname="TestPackage.SampleTest" name="testcase1" time="0.004"/>
  <testcase classname="TestPackage.SampleTest" name="testcase2" time="0.003"/>
  <testcase classname="TestPackage.SampleTest" name="testcase3" time="0.002"/>
</testsuite> <!-- Default test -->
