<?xml version="1.0" encoding="UTF-8"?>
<!-- Generated by org.testng.reporters.JUnitXMLReporter -->
<testsuite ignored="0" hostname="DESKTOP-4IJ8KBV" failures="0" tests="3" name="Test" time="14.12" errors="0" timestamp="2025-12-17T18:11:26 CST">
  <testcase classname="TestPackage.SampleTest" name="testcase1" time="0.014"/>
  <testcase classname="TestPackage.SampleTest" name="testcase2" time="0.002"/>
  <testcase classname="TestPackage.SampleTest" name="testcase3" time="0.002"/>
</testsuite> <!-- Test -->
