<?xml version="1.0" encoding="UTF-8"?>
<testng-results ignored="0" total="3" passed="3" failed="0" skipped="0">
  <reporter-output>
  </reporter-output>
  <suite started-at="2025-12-17T18:11:12 CST" name="Suite" finished-at="2025-12-17T18:11:26 CST" duration-ms="14120">
    <groups>
    </groups>
    <test started-at="2025-12-17T18:11:12 CST" name="Test" finished-at="2025-12-17T18:11:26 CST" duration-ms="14120">
      <class name="TestPackage.SampleTest">
        <test-method is-config="true" signature="beforeMethod(java.lang.String,java.lang.String)[pri:0, instance:TestPackage.SampleTest@7722c3c3]" started-at="2025-12-17T18:11:12 CST" name="beforeMethod" finished-at="2025-12-17T18:11:16 CST" duration-ms="4760" status="PASS">
          <params>
            <param index="0">
              <value>
                <![CDATA[edge]]>
              </value>
            </param>
            <param index="1">
              <value>
                <![CDATA[https://www.facebook.com/]]>
              </value>
            </param>
          </params>
          <reporter-output>
          </reporter-output>
        </test-method> <!-- beforeMethod -->
        <test-method signature="testcase1()[pri:0, instance:TestPackage.SampleTest@7722c3c3]" started-at="2025-12-17T18:11:16 CST" name="testcase1" finished-at="2025-12-17T18:11:16 CST" duration-ms="14" status="PASS">
          <reporter-output>
          </reporter-output>
        </test-method> <!-- testcase1 -->
        <test-method is-config="true" signature="afterMethod()[pri:0, instance:TestPackage.SampleTest@7722c3c3]" started-at="2025-12-17T18:11:16 CST" name="afterMethod" finished-at="2025-12-17T18:11:17 CST" duration-ms="218" status="PASS">
          <reporter-output>
          </reporter-output>
        </test-method> <!-- afterMethod -->
        <test-method is-config="true" signature="beforeMethod(java.lang.String,java.lang.String)[pri:0, instance:TestPackage.SampleTest@7722c3c3]" started-at="2025-12-17T18:11:17 CST" name="beforeMethod" finished-at="2025-12-17T18:11:21 CST" duration-ms="4248" status="PASS">
          <params>
            <param index="0">
              <value>
                <![CDATA[edge]]>
              </value>
            </param>
            <param index="1">
              <value>
                <![CDATA[https://www.facebook.com/]]>
              </value>
            </param>
          </params>
          <reporter-output>
          </reporter-output>
        </test-method> <!-- beforeMethod -->
        <test-method signature="testcase2()[pri:0, instance:TestPackage.SampleTest@7722c3c3]" started-at="2025-12-17T18:11:21 CST" name="testcase2" finished-at="2025-12-17T18:11:21 CST" duration-ms="2" status="PASS">
          <reporter-output>
          </reporter-output>
        </test-method> <!-- testcase2 -->
        <test-method is-config="true" signature="afterMethod()[pri:0, instance:TestPackage.SampleTest@7722c3c3]" started-at="2025-12-17T18:11:21 CST" name="afterMethod" finished-at="2025-12-17T18:11:21 CST" duration-ms="219" status="PASS">
          <reporter-output>
          </reporter-output>
        </test-method> <!-- afterMethod -->
        <test-method is-config="true" signature="beforeMethod(java.lang.String,java.lang.String)[pri:0, instance:TestPackage.SampleTest@7722c3c3]" started-at="2025-12-17T18:11:21 CST" name="beforeMethod" finished-at="2025-12-17T18:11:25 CST" duration-ms="4363" status="PASS">
          <params>
            <param index="0">
              <value>
                <![CDATA[edge]]>
              </value>
            </param>
            <param index="1">
              <value>
                <![CDATA[https://www.facebook.com/]]>
              </value>
            </param>
          </params>
          <reporter-output>
          </reporter-output>
        </test-method> <!-- beforeMethod -->
        <test-method signature="testcase3()[pri:0, instance:TestPackage.SampleTest@7722c3c3]" started-at="2025-12-17T18:11:25 CST" name="testcase3" finished-at="2025-12-17T18:11:25 CST" duration-ms="2" status="PASS">
          <reporter-output>
          </reporter-output>
        </test-method> <!-- testcase3 -->
        <test-method is-config="true" signature="afterMethod()[pri:0, instance:TestPackage.SampleTest@7722c3c3]" started-at="2025-12-17T18:11:26 CST" name="afterMethod" finished-at="2025-12-17T18:11:26 CST" duration-ms="259" status="PASS">
          <reporter-output>
          </reporter-output>
        </test-method> <!-- afterMethod -->
      </class> <!-- TestPackage.SampleTest -->
    </test> <!-- Test -->
  </suite> <!-- Suite -->
</testng-results>
