<?xml version="1.0" encoding="UTF-8"?>
<!-- Generated by org.testng.reporters.JUnitReportReporter -->
<testsuite hostname="DESKTOP-4IJ8KBV" failures="0" tests="3" name="TestPackage.SampleTest" time="14.085" errors="0" timestamp="2025-12-17T18:11:26 CST" skipped="0">
  <testcase classname="TestPackage.SampleTest" name="testcase1" time="5.033"/>
  <testcase classname="TestPackage.SampleTest" name="testcase3" time="4.583"/>
  <testcase classname="TestPackage.SampleTest" name="testcase2" time="4.469"/>
</testsuite> <!-- TestPackage.SampleTest -->
